<?xml version="1.0" encoding="UTF-8"?>
<testsuite xmlns:xsi="http://www.w3.org/2001/XMLSchema-instance" xsi:noNamespaceSchemaLocation="https://maven.apache.org/surefire/maven-surefire-plugin/xsd/surefire-test-report-3.0.xsd" version="3.0" name="test.LoginTest" time="22.402" tests="3" errors="0" skipped="0" failures="0">
  <properties>
[...]
</properties>
  <testcase name="loginTest(User)[1]" classname="test.LoginTest" time="9.054">
    <system-out><![CDATA[22:52:57.975 [main] DEBUG io.github.bonigarcia.wdm.WebDriverManager -- Using WebDriverManager 5.9.2
22:52:58.665 [main] DEBUG io.github.bonigarcia.wdm.cache.ResolutionCache -- Resolution edge=130 in cache (valid until 23:37:17 02/11/2024 EET)
22:52:58.666 [main] DEBUG io.github.bonigarcia.wdm.cache.ResolutionCache -- Resolution edge130=130.0.2849.68 in cache (valid until 21:12:51 03/11/2024 EET)
22:52:58.667 [main] INFO io.github.bonigarcia.wdm.WebDriverManager -- Using msedgedriver 130.0.2849.68 (resolved driver for Edge 130)
22:52:58.732 [main] DEBUG io.github.bonigarcia.wdm.WebDriverManager -- Driver msedgedriver 130.0.2849.68 found in cache
22:52:58.734 [main] INFO io.github.bonigarcia.wdm.WebDriverManager -- Exporting webdriver.edge.driver as C:\Users\innak\.cache\selenium\msedgedriver\win64\130.0.2849.68\msedgedriver.exe
22:53:03.226 [main] INFO test.LoginTest -- Begin test with  and 
22:53:04.518 [main] INFO page.LoginPage -- Login page opened
22:53:05.016 [main] INFO page.LoginPage -- Login performed
22:53:05.118 [main] INFO test.LoginTest -- End of this test with  and 
]]></system-out>
    <system-err><![CDATA[лист. 02, 2024 10:53:02 ПП org.openqa.selenium.devtools.CdpVersionFinder findNearestMatch
WARNING: Unable to find an exact match for CDP version 130, returning the closest version; found: 129; Please update to a Selenium version that supports CDP version 130
]]></system-err>
  </testcase>
  <testcase name="loginTest(User)[2]" classname="test.LoginTest" time="6.52">
    <system-out><![CDATA[22:53:06.983 [main] DEBUG io.github.bonigarcia.wdm.WebDriverManager -- Using WebDriverManager 5.9.2
22:53:07.002 [main] DEBUG io.github.bonigarcia.wdm.cache.ResolutionCache -- Resolution edge=130 in cache (valid until 23:37:17 02/11/2024 EET)
22:53:07.003 [main] DEBUG io.github.bonigarcia.wdm.cache.ResolutionCache -- Resolution edge130=130.0.2849.68 in cache (valid until 21:12:51 03/11/2024 EET)
22:53:07.003 [main] INFO io.github.bonigarcia.wdm.WebDriverManager -- Using msedgedriver 130.0.2849.68 (resolved driver for Edge 130)
22:53:07.040 [main] DEBUG io.github.bonigarcia.wdm.WebDriverManager -- Driver msedgedriver 130.0.2849.68 found in cache
22:53:07.041 [main] INFO io.github.bonigarcia.wdm.WebDriverManager -- Exporting webdriver.edge.driver as C:\Users\innak\.cache\selenium\msedgedriver\win64\130.0.2849.68\msedgedriver.exe
22:53:09.380 [main] INFO test.LoginTest -- Begin test with performance_glitch_user and 
22:53:10.352 [main] INFO page.LoginPage -- Login page opened
22:53:11.117 [main] INFO page.LoginPage -- Login performed
22:53:11.186 [main] INFO test.LoginTest -- End of this test with performance_glitch_user and 
]]></system-out>
    <system-err><![CDATA[лист. 02, 2024 10:53:09 ПП org.openqa.selenium.devtools.CdpVersionFinder findNearestMatch
WARNING: Unable to find an exact match for CDP version 130, returning the closest version; found: 129; Please update to a Selenium version that supports CDP version 130
]]></system-err>
  </testcase>
  <testcase name="loginTest(User)[3]" classname="test.LoginTest" time="6.693">
    <system-out><![CDATA[22:53:13.512 [main] DEBUG io.github.bonigarcia.wdm.WebDriverManager -- Using WebDriverManager 5.9.2
22:53:13.549 [main] DEBUG io.github.bonigarcia.wdm.cache.ResolutionCache -- Resolution edge=130 in cache (valid until 23:37:17 02/11/2024 EET)
22:53:13.553 [main] DEBUG io.github.bonigarcia.wdm.cache.ResolutionCache -- Resolution edge130=130.0.2849.68 in cache (valid until 21:12:51 03/11/2024 EET)
22:53:13.553 [main] INFO io.github.bonigarcia.wdm.WebDriverManager -- Using msedgedriver 130.0.2849.68 (resolved driver for Edge 130)
22:53:13.655 [main] DEBUG io.github.bonigarcia.wdm.WebDriverManager -- Driver msedgedriver 130.0.2849.68 found in cache
22:53:13.657 [main] INFO io.github.bonigarcia.wdm.WebDriverManager -- Exporting webdriver.edge.driver as C:\Users\innak\.cache\selenium\msedgedriver\win64\130.0.2849.68\msedgedriver.exe
22:53:15.492 [main] INFO test.LoginTest -- Begin test with standard_user and secret_sauce
22:53:16.833 [main] INFO page.LoginPage -- Login page opened
22:53:17.567 [main] INFO page.LoginPage -- Login performed
22:53:17.746 [main] INFO page.MainPage -- Validation of the title Swag Labs
22:53:17.747 [main] INFO test.LoginTest -- End of this test with standard_user and secret_sauce
]]></system-out>
    <system-err><![CDATA[лист. 02, 2024 10:53:15 ПП org.openqa.selenium.devtools.CdpVersionFinder findNearestMatch
WARNING: Unable to find an exact match for CDP version 130, returning the closest version; found: 129; Please update to a Selenium version that supports CDP version 130
]]></system-err>
  </testcase>
</testsuite>